{"numTotalTestSuites":70,"numPassedTestSuites":65,"numFailedTestSuites":5,"numPendingTestSuites":0,"numTotalTests":150,"numPassedTests":146,"numFailedTests":4,"numPendingTests":0,"numTodoTests":0,"snapshot":{"added":0,"failure":false,"filesAdded":0,"filesRemoved":0,"filesRemovedList":[],"filesUnmatched":0,"filesUpdated":0,"matched":0,"total":0,"unchecked":0,"uncheckedKeysByFile":[],"unmatched":0,"updated":0,"didUpdate":false},"startTime":1773546524077,"success":false,"testResults":[{"assertionResults":[{"ancestorTitles":["Smoke Test"],"fullName":"Smoke Test should pass","status":"passed","title":"should pass","duration":1.802299999999832,"failureMessages":[],"meta":{}}],"startTime":1773546542974,"endTime":1773546542975.8022,"status":"passed","message":"","name":"D:/Tutor-Pro/frontend/__tests__/smoke.test.ts"},{"assertionResults":[{"ancestorTitles":["useBillableTimer"],"fullName":"useBillableTimer should initialize with 00:00","status":"passed","title":"should initialize with 00:00","duration":58.1215000000002,"failureMessages":[],"meta":{}},{"ancestorTitles":["useBillableTimer"],"fullName":"useBillableTimer should load historical duration from API","status":"passed","title":"should load historical duration from API","duration":66.10800000000017,"failureMessages":[],"meta":{}},{"ancestorTitles":["useBillableTimer"],"fullName":"useBillableTimer should count up when both participants are present","status":"passed","title":"should count up when both participants are present","duration":13.457800000000134,"failureMessages":[],"meta":{}},{"ancestorTitles":["useBillableTimer"],"fullName":"useBillableTimer should NOT count up if only one participant is present","status":"passed","title":"should NOT count up if only one participant is present","duration":17.875999999999294,"failureMessages":[],"meta":{}},{"ancestorTitles":["useBillableTimer"],"fullName":"useBillableTimer should combine base duration with real-time overlap","status":"failed","title":"should combine base duration with real-time overlap","duration":43.58670000000075,"failureMessages":["AssertionError: expected '10:00' to be '10:30' // Object.is equality\n    at D:/Tutor-Pro/frontend/features/live-room/hooks/useBillableTimer.test.ts:139:46\n    at file:///D:/Tutor-Pro/frontend/node_modules/@vitest/runner/dist/index.js:915:20"],"meta":{}},{"ancestorTitles":["useBillableTimer"],"fullName":"useBillableTimer should poll for stats updates","status":"passed","title":"should poll for stats updates","duration":6.9843999999993684,"failureMessages":[],"meta":{}},{"ancestorTitles":["useBillableTimer"],"fullName":"useBillableTimer should abort API call on unmount","status":"passed","title":"should abort API call on unmount","duration":6.7236000000002605,"failureMessages":[],"meta":{}},{"ancestorTitles":["useBillableTimer"],"fullName":"useBillableTimer should handle participant rejoin correctly","status":"failed","title":"should handle participant rejoin correctly","duration":15.478899999999157,"failureMessages":["AssertionError: expected '00:00' to be '05:00' // Object.is equality\n    at D:/Tutor-Pro/frontend/features/live-room/hooks/useBillableTimer.test.ts:207:46\n    at file:///D:/Tutor-Pro/frontend/node_modules/@vitest/runner/dist/index.js:915:20"],"meta":{}},{"ancestorTitles":["useBillableTimer"],"fullName":"useBillableTimer should format time correctly for hours","status":"passed","title":"should format time correctly for hours","duration":5.652699999999641,"failureMessages":[],"meta":{}},{"ancestorTitles":["useBillableTimer"],"fullName":"useBillableTimer should NOT double-count when polling during active overlap (Standard Lifecycle)","status":"failed","title":"should NOT double-count when polling during active overlap (Standard Lifecycle)","duration":11.640699999999924,"failureMessages":["AssertionError: expected '00:00' to be '05:00' // Object.is equality\n    at D:/Tutor-Pro/frontend/features/live-room/hooks/useBillableTimer.test.ts:297:46\n    at file:///D:/Tutor-Pro/frontend/node_modules/@vitest/runner/dist/index.js:915:20"],"meta":{}}],"startTime":1773546529057,"endTime":1773546529304.6406,"status":"failed","message":"","name":"D:/Tutor-Pro/frontend/features/live-room/hooks/useBillableTimer.test.ts"},{"assertionResults":[{"ancestorTitles":["FeatureShowcase Component"],"fullName":"FeatureShowcase Component renders the section title and subtitle","status":"passed","title":"renders the section title and subtitle","duration":1196.4538000000002,"failureMessages":[],"meta":{}},{"ancestorTitles":["FeatureShowcase Component"],"fullName":"FeatureShowcase Component renders all core features including Live Teaching","status":"failed","title":"renders all core features including Live Teaching","duration":659.8937000000005,"failureMessages":["TestingLibraryElementError: Unable to find an element with the text: Lớp Live Teaching Tương tác. This could be because the text is broken up by multiple elements. In this case, you can provide a function for your text matcher to make your matcher more flexible.\n\nIgnored nodes: comments, script, style\n\u001b[36m<body>\u001b[39m\n  \u001b[36m<div>\u001b[39m\n    \u001b[36m<section\u001b[39m\n      \u001b[33mclass\u001b[39m=\u001b[32m\"py-32 px-6 bg-[#050714] relative overflow-hidden\"\u001b[39m\n      \u001b[33mid\u001b[39m=\u001b[32m\"features\"\u001b[39m\n    \u001b[36m>\u001b[39m\n      \u001b[36m<div\u001b[39m\n        \u001b[33mclass\u001b[39m=\u001b[32m\"absolute top-[20%] left-0 w-[500px] h-[500px] bg-blue-600/5 blur-[120px] rounded-full pointer-events-none\"\u001b[39m\n      \u001b[36m/>\u001b[39m\n      \u001b[36m<div\u001b[39m\n        \u001b[33mclass\u001b[39m=\u001b[32m\"absolute bottom-[20%] right-0 w-[500px] h-[500px] bg-purple-600/5 blur-[120px] rounded-full pointer-events-none\"\u001b[39m\n      \u001b[36m/>\u001b[39m\n      \u001b[36m<div\u001b[39m\n        \u001b[33mclass\u001b[39m=\u001b[32m\"max-w-7xl mx-auto\"\u001b[39m\n      \u001b[36m>\u001b[39m\n        \u001b[36m<div\u001b[39m\n          \u001b[33mclass\u001b[39m=\u001b[32m\"text-center mb-24\"\u001b[39m\n          \u001b[33mstyle\u001b[39m=\u001b[32m\"opacity: 0; transform: translateY(20px);\"\u001b[39m\n        \u001b[36m>\u001b[39m\n          \u001b[36m<div\u001b[39m\n            \u001b[33mclass\u001b[39m=\u001b[32m\"inline-block px-4 py-1.5 rounded-full border border-white/10 bg-white/5 text-xs font-bold tracking-widest uppercase text-white/50 mb-4\"\u001b[39m\n          \u001b[36m>\u001b[39m\n            \u001b[0mFeature Tour\u001b[0m\n          \u001b[36m</div>\u001b[39m\n          \u001b[36m<h2\u001b[39m\n            \u001b[33mclass\u001b[39m=\u001b[32m\"text-3xl md:text-6xl font-black mb-6 leading-[1.2] md:leading-[1.15]\"\u001b[39m\n          \u001b[36m>\u001b[39m\n            \u001b[0mMọi công cụ bạn cần \u001b[0m\n            \u001b[36m<br />\u001b[39m\n            \u001b[36m<span\u001b[39m\n              \u001b[33mclass\u001b[39m=\u001b[32m\"text-transparent bg-clip-text bg-gradient-to-r from-[#4a9eff] to-[#06ffa5]\"\u001b[39m\n            \u001b[36m>\u001b[39m\n              \u001b[0mTrong một nền tảng duy nhất\u001b[0m\n            \u001b[36m</span>\u001b[39m\n          \u001b[36m</h2>\u001b[39m\n        \u001b[36m</div>\u001b[39m\n        \u001b[36m<div\u001b[39m\n          \u001b[33mclass\u001b[39m=\u001b[32m\"relative\"\u001b[39m\n          \u001b[33mstyle\u001b[39m=\u001b[32m\"opacity: 0;\"\u001b[39m\n        \u001b[36m>\u001b[39m\n          \u001b[36m<div\u001b[39m\n            \u001b[33mclass\u001b[39m=\u001b[32m\"absolute left-8 md:left-1/2 top-0 bottom-0 w-px bg-gradient-to-b from-transparent via-white/20 to-transparent hidden md:block\"\u001b[39m\n          \u001b[36m/>\u001b[39m\n          \u001b[36m<div\u001b[39m\n            \u001b[33mclass\u001b[39m=\u001b[32m\"flex flex-col gap-32\"\u001b[39m\n          \u001b[36m>\u001b[39m\n            \u001b[36m<div\u001b[39m\n              \u001b[33mclass\u001b[39m=\u001b[32m\"relative flex flex-col md:flex-row items-center gap-10 md:gap-20 group\"\u001b[39m\n              \u001b[33mstyle\u001b[39m=\u001b[32m\"opacity: 0; transform: translateY(30px);\"\u001b[39m\n            \u001b[36m>\u001b[39m\n              \u001b[36m<div\u001b[39m\n                \u001b[33mclass\u001b[39m=\u001b[32m\"absolute left-1/2 top-1/2 -translate-x-1/2 -translate-y-1/2 w-4 h-4 rounded-full border-2 border-[#050714] z-20 hidden md:block transition-all duration-500 group-hover:scale-150\"\u001b[39m\n                \u001b[33mstyle\u001b[39m=\u001b[32m\"background-color: rgb(74, 158, 255); box-shadow: 0 0 20px #4a9eff;\"\u001b[39m\n              \u001b[36m/>\u001b[39m\n              \u001b[36m<div\u001b[39m\n                \u001b[33mclass\u001b[39m=\u001b[32m\"w-full md:w-1/2 relative md:order-1\"\u001b[39m\n              \u001b[36m>\u001b[39m\n                \u001b[36m<div\u001b[39m\n                  \u001b[33mclass\u001b[39m=\u001b[32m\"absolute inset-0 blur-[60px] opacity-20 transition-opacity duration-700 group-hover:opacity-40\"\u001b[39m\n                  \u001b[33mstyle\u001b[39m=\u001b[32m\"background-color: rgb(74, 158, 255);\"\u001b[39m\n                \u001b[36m/>\u001b[39m\n                \u001b[36m<div\u001b[39m\n                  \u001b[33mclass\u001b[39m=\u001b[32m\"relative transform transition-transform duration-700 group-hover:scale-[1.02] group-hover:-translate-y-2\"\u001b[39m\n                \u001b[36m>\u001b[39m\n                  \u001b[36m<div\u001b[39m\n                    \u001b[33mclass\u001b[39m=\u001b[32m\"absolute top-4 left-4 z-20 flex gap-1.5\"\u001b[39m\n                  \u001b[36m>\u001b[39m\n                    \u001b[36m<div\u001b[39m\n                      \u001b[33mclass\u001b[39m=\u001b[32m\"w-2.5 h-2.5 rounded-full bg-red-500/50\"\u001b[39m\n                    \u001b[36m/>\u001b[39m\n                    \u001b[36m<div\u001b[39m\n                      \u001b[33mclass\u001b[39m=\u001b[32m\"w-2.5 h-2.5 rounded-full bg-yellow-500/50\"\u001b[39m\n                    \u001b[36m/>\u001b[39m\n                    \u001b[36m<div\u001b[39m\n                      \u001b[33mclass\u001b[39m=\u001b[32m\"w-2.5 h-2.5 rounded-full bg-green-500/50\"\u001b[39m\n                    \u001b[36m/>\u001b[39m\n                  \u001b[36m</div>\u001b[39m\n                  \u001b[36m<div\u001b[39m\n                    \u001b[33mclass\u001b[39m=\u001b[32m\"w-full h-[300px] md:h-[400px] bg-slate-950 rounded-2xl border border-white/10 shadow-2xl overflow-hidden relative flex flex-col\"\u001b[39m\n                  \u001b[36m>\u001b[39m\n                    \u001b[36m<div\u001b[39m\n                      \u001b[33mclass\u001b[39m=\u001b[32m\"h-10 border-b border-white/10 bg-white/5 flex items-center px-4 justify-between z-10\"\u001b[39m\n                    \u001b[36m>\u001b[39m\n                      \u001b[36m<div\u001b[39m\n                        \u001b[33mclass\u001b[39m=\u001b[32m\"flex items-center gap-2 md:gap-4 overflow-hidden\"\u001b[39m\n                      \u001b[36m>\u001b[39m\n                        \u001b[36m<div\u001b[39m\n                          \u001b[33mclass\u001b[39m=\u001b[32m\"flex items-center gap-1.5 md:gap-2 flex-shrink-0\"\u001b[39m\n                        \u001b[36m>\u001b[39m\n                          \u001b[36m<div\u001b[39m\n                            \u001b[33mclass\u001b[39m=\u001b[32m\"w-1.5 h-1.5 md:w-2 md:h-2 rounded-full bg-red-500 animate-pulse\"\u001b[39m\n                          \u001b[36m/>\u001b[39m\n                          \u001b[36m<span\u001b[39m\n                            \u001b[33mclass\u001b[39m=\u001b[32m\"text-[9px] md:text-[10px] font-bold text-red-400 uppercase tracking-tighter\"\u001b[39m\n                          \u001b[36m>\u001b[39m\n                            \u001b[0mREC 00:45:12\u001b[0m\n                          \u001b[36m</span>\u001b[39m\n                        \u001b[36m</div>\u001b[39m\n                        \u001b[36m<div\u001b[39m\n                          \u001b[33mclass\u001b[39m=\u001b[32m\"h-4 w-px bg-white/10 flex-shrink-0\"\u001b[39m\n                        \u001b[36m/>\u001b[39m\n                        \u001b[36m<span\u001b[39m\n                          \u001b[33mclass\u001b[39m=\u001b[32m\"text-[9px] md:text-[10px] text-white/60 font-medium truncate\"\u001b[39m\n                        \u001b[36m>\u001b[39m\n                          \u001b[0mToán học 12\u001b[0m\n                        \u001b[36m</span>\u001b[39m\n                      \u001b[36m</div>\u001b[39m\n                      \u001b[36m<div\u001b[39m\n                        \u001b[33mclass\u001b[39m=\u001b[32m\"flex items-center gap-2\"\u001b[39m\n                      \u001b[36m>\u001b[39m\n                        \u001b[36m<div\u001b[39m\n                          \u001b[33mclass\u001b[39m=\u001b[32m\"px-2 py-0.5 rounded bg-primary/20 border border-primary/30 text-primary text-[10px] font-bold\"\u001b[39m\n                        \u001b[36m>\u001b[39m\n                          \u001b[0m150.000đ / h\u001b[0m\n                        \u001b[36m</div>\u001b[39m\n                      \u001b[36m</div>\u001b[39m\n                    \u001b[36m</div>\u001b[39m\n                    \u001b[36m<div\u001b[39m\n                      \u001b[33mclass\u001b[39m=\u001b[32m\"flex-1 flex overflow-hidden\"\u001b[39m\n                    \u001b[36m>\u001b[39m\n                      \u001b[36m<div\u001b[39m\n                        \u001b[33mclass\u001b[39m=\u001b[32m\"flex-1 bg-slate-900/50 relative p-4 md:p-6\"\u001b[39m\n                      \u001b[36m>\u001b[39m\n                        \u001b[36m<div\u001b[39m\n                          \u001b[33mclass\u001b[39m=\u001b[32m\"absolute inset-0 grid grid-cols-8 md:grid-cols-12 grid-rows-8 md:grid-rows-12 opacity-10 pointer-events-none\"\u001b[39m\n                        \u001b[36m>\u001b[39m\n                          \u001b[36m<div\u001b[39m\n                      ...\n    at Object.getElementError (D:\\Tutor-Pro\\frontend\\node_modules\\@testing-library\\dom\\dist\\config.js:37:19)\n    at D:\\Tutor-Pro\\frontend\\node_modules\\@testing-library\\dom\\dist\\query-helpers.js:76:38\n    at D:\\Tutor-Pro\\frontend\\node_modules\\@testing-library\\dom\\dist\\query-helpers.js:52:17\n    at D:\\Tutor-Pro\\frontend\\node_modules\\@testing-library\\dom\\dist\\query-helpers.js:95:19\n    at D:/Tutor-Pro/frontend/features/landing/components/__tests__/FeatureShowcase.test.tsx:23:27\n    at Array.forEach (<anonymous>)\n    at D:/Tutor-Pro/frontend/features/landing/components/__tests__/FeatureShowcase.test.tsx:22:18\n    at file:///D:/Tutor-Pro/frontend/node_modules/@vitest/runner/dist/index.js:145:11\n    at file:///D:/Tutor-Pro/frontend/node_modules/@vitest/runner/dist/index.js:915:26\n    at file:///D:/Tutor-Pro/frontend/node_modules/@vitest/runner/dist/index.js:1243:20"],"meta":{}},{"ancestorTitles":["FeatureShowcase Component"],"fullName":"FeatureShowcase Component renders the visual mockups for each feature","status":"passed","title":"renders the visual mockups for each feature","duration":419.71500000000015,"failureMessages":[],"meta":{}}],"startTime":1773546530019,"endTime":1773546532295.715,"status":"failed","message":"","name":"D:/Tutor-Pro/frontend/features/landing/components/__tests__/FeatureShowcase.test.tsx"},{"assertionResults":[{"ancestorTitles":["Hero Component"],"fullName":"Hero Component renders the main headline correctly","status":"passed","title":"renders the main headline correctly","duration":162.74540000000025,"failureMessages":[],"meta":{}},{"ancestorTitles":["Hero Component"],"fullName":"Hero Component renders the call to action buttons","status":"passed","title":"renders the call to action buttons","duration":52.40379999999959,"failureMessages":[],"meta":{}},{"ancestorTitles":["Hero Component"],"fullName":"Hero Component renders the SplineVisual component","status":"passed","title":"renders the SplineVisual component","duration":22.661000000000058,"failureMessages":[],"meta":{}},{"ancestorTitles":["Hero Component"],"fullName":"Hero Component displays the statistics bar on desktop","status":"passed","title":"displays the statistics bar on desktop","duration":19.91359999999986,"failureMessages":[],"meta":{}}],"startTime":1773546536307,"endTime":1773546536565.9136,"status":"passed","message":"","name":"D:/Tutor-Pro/frontend/features/landing/components/__tests__/Hero.test.tsx"},{"assertionResults":[{"ancestorTitles":["RoomStateContext"],"fullName":"RoomStateContext should maintain stable actions reference across state updates","status":"passed","title":"should maintain stable actions reference across state updates","duration":31.0300000000002,"failureMessages":[],"meta":{}}],"startTime":1773546543402,"endTime":1773546543433.03,"status":"passed","message":"","name":"D:/Tutor-Pro/frontend/features/live-room/context/__tests__/RoomStateContext.test.tsx"},{"assertionResults":[{"ancestorTitles":["ChatInput"],"fullName":"ChatInput should render message input and send button","status":"passed","title":"should render message input and send button","duration":693.5241999999998,"failureMessages":[],"meta":{}},{"ancestorTitles":["ChatInput"],"fullName":"ChatInput should allow sending message","status":"passed","title":"should allow sending message","duration":123.21439999999984,"failureMessages":[],"meta":{}},{"ancestorTitles":["ChatInput"],"fullName":"ChatInput should have emoji button","status":"passed","title":"should have emoji button","duration":84.05090000000018,"failureMessages":[],"meta":{}}],"startTime":1773546529448,"endTime":1773546530349.0508,"status":"passed","message":"","name":"D:/Tutor-Pro/frontend/features/live-room/components/__tests__/ChatInput.test.tsx"},{"assertionResults":[{"ancestorTitles":["ErrorRecoveryDialog"],"fullName":"ErrorRecoveryDialog renders correctly when open","status":"passed","title":"renders correctly when open","duration":798.9079000000002,"failureMessages":[],"meta":{}},{"ancestorTitles":["ErrorRecoveryDialog"],"fullName":"ErrorRecoveryDialog calls onRetry when retry button is clicked","status":"passed","title":"calls onRetry when retry button is clicked","duration":188.5598,"failureMessages":[],"meta":{}},{"ancestorTitles":["ErrorRecoveryDialog"],"fullName":"ErrorRecoveryDialog calls onAudioOnly when audio only button is clicked","status":"passed","title":"calls onAudioOnly when audio only button is clicked","duration":144.09209999999985,"failureMessages":[],"meta":{}},{"ancestorTitles":["ErrorRecoveryDialog"],"fullName":"ErrorRecoveryDialog calls onExit when exit button is clicked","status":"passed","title":"calls onExit when exit button is clicked","duration":198.2504999999992,"failureMessages":[],"meta":{}},{"ancestorTitles":["ErrorRecoveryDialog"],"fullName":"ErrorRecoveryDialog does not render when closed","status":"passed","title":"does not render when closed","duration":6.679500000000189,"failureMessages":[],"meta":{}},{"ancestorTitles":["ErrorRecoveryDialog"],"fullName":"ErrorRecoveryDialog renders default error message and buttons still work when error is null","status":"passed","title":"renders default error message and buttons still work when error is null","duration":179.01869999999963,"failureMessages":[],"meta":{}},{"ancestorTitles":["ErrorRecoveryDialog"],"fullName":"ErrorRecoveryDialog toggles diagnostic information when clicking the toggle button","status":"passed","title":"toggles diagnostic information when clicking the toggle button","duration":276.3216999999995,"failureMessages":[],"meta":{}}],"startTime":1773546529225,"endTime":1773546531018.3218,"status":"passed","message":"","name":"D:/Tutor-Pro/frontend/features/live-room/components/__tests__/ErrorRecoveryDialog.test.tsx"},{"assertionResults":[{"ancestorTitles":["LiveRoomDisplay - Error Recovery Integration"],"fullName":"LiveRoomDisplay - Error Recovery Integration should show final error after max retries in state logic","status":"passed","title":"should show final error after max retries in state logic","duration":57.30569999999989,"failureMessages":[],"meta":{}}],"startTime":1773546542527,"endTime":1773546542584.3057,"status":"passed","message":"","name":"D:/Tutor-Pro/frontend/features/live-room/components/__tests__/ErrorRecoveryIntegration.test.tsx"},{"assertionResults":[],"startTime":1773546524077,"endTime":1773546524077,"status":"failed","message":"Transform failed with 1 error:\nD:/Tutor-Pro/frontend/features/live-room/components/__tests__/LiveRoomDisplay.responsive.test.tsx:37:0: ERROR: Unexpected \"}\"","name":"D:/Tutor-Pro/frontend/features/live-room/components/__tests__/LiveRoomDisplay.responsive.test.tsx"},{"assertionResults":[{"ancestorTitles":["LiveTeachingLobby"],"fullName":"LiveTeachingLobby renders header correctly","status":"passed","title":"renders header correctly","duration":112.65980000000127,"failureMessages":[],"meta":{}},{"ancestorTitles":["LiveTeachingLobby"],"fullName":"LiveTeachingLobby renders loading skeletons when retrieving data","status":"passed","title":"renders loading skeletons when retrieving data","duration":91.35720000000038,"failureMessages":[],"meta":{}},{"ancestorTitles":["LiveTeachingLobby"],"fullName":"LiveTeachingLobby renders error alert when data fetch fails","status":"passed","title":"renders error alert when data fetch fails","duration":45.54809999999998,"failureMessages":[],"meta":{}},{"ancestorTitles":["LiveTeachingLobby"],"fullName":"LiveTeachingLobby renders empty state when no sessions","status":"passed","title":"renders empty state when no sessions","duration":87.54149999999936,"failureMessages":[],"meta":{}},{"ancestorTitles":["LiveTeachingLobby"],"fullName":"LiveTeachingLobby renders today and upcoming sessions correctly","status":"passed","title":"renders today and upcoming sessions correctly","duration":56.01389999999992,"failureMessages":[],"meta":{}},{"ancestorTitles":["LiveTeachingLobby"],"fullName":"LiveTeachingLobby calls refetch on manual refresh","status":"passed","title":"calls refetch on manual refresh","duration":73.45340000000033,"failureMessages":[],"meta":{}}],"startTime":1773546540452,"endTime":1773546540920.4534,"status":"passed","message":"","name":"D:/Tutor-Pro/frontend/features/live-room/components/__tests__/LiveTeachingLobby.test.tsx"},{"assertionResults":[{"ancestorTitles":["MobileNavigation"],"fullName":"MobileNavigation renders all tabs correctly","status":"passed","title":"renders all tabs correctly","duration":172.27679999999964,"failureMessages":[],"meta":{}},{"ancestorTitles":["MobileNavigation"],"fullName":"MobileNavigation highlights the active tab","status":"passed","title":"highlights the active tab","duration":57.787500000000364,"failureMessages":[],"meta":{}},{"ancestorTitles":["MobileNavigation"],"fullName":"MobileNavigation calls onTabChange and triggers haptics when a tab is clicked","status":"passed","title":"calls onTabChange and triggers haptics when a tab is clicked","duration":29.10110000000077,"failureMessages":[],"meta":{}},{"ancestorTitles":["MobileNavigation"],"fullName":"MobileNavigation applies safe area padding","status":"passed","title":"applies safe area padding","duration":427.45730000000003,"failureMessages":[],"meta":{}}],"startTime":1773546531929,"endTime":1773546532615.4573,"status":"passed","message":"","name":"D:/Tutor-Pro/frontend/features/live-room/components/__tests__/MobileNavigation.test.tsx"},{"assertionResults":[{"ancestorTitles":["RecordingPreviewDialog"],"fullName":"RecordingPreviewDialog should render dialog when isOpen is true","status":"passed","title":"should render dialog when isOpen is true","duration":956.2708000000002,"failureMessages":[],"meta":{}},{"ancestorTitles":["RecordingPreviewDialog"],"fullName":"RecordingPreviewDialog should show video when videoUrl is provided","status":"passed","title":"should show video when videoUrl is provided","duration":169.32570000000032,"failureMessages":[],"meta":{}},{"ancestorTitles":["RecordingPreviewDialog"],"fullName":"RecordingPreviewDialog should call onDownload when download button is clicked","status":"passed","title":"should call onDownload when download button is clicked","duration":224.45930000000044,"failureMessages":[],"meta":{}},{"ancestorTitles":["RecordingPreviewDialog"],"fullName":"RecordingPreviewDialog should call onDiscard when discard button is clicked","status":"passed","title":"should call onDiscard when discard button is clicked","duration":203.91439999999966,"failureMessages":[],"meta":{}},{"ancestorTitles":["RecordingPreviewDialog"],"fullName":"RecordingPreviewDialog should show guidance text","status":"passed","title":"should show guidance text","duration":253.07589999999982,"failureMessages":[],"meta":{}}],"startTime":1773546529170,"endTime":1773546530978.076,"status":"passed","message":"","name":"D:/Tutor-Pro/frontend/features/live-room/components/__tests__/RecordingPreviewDialog.test.tsx"},{"assertionResults":[{"ancestorTitles":["RecordingPromptDialog"],"fullName":"RecordingPromptDialog renders dialog when open","status":"passed","title":"renders dialog when open","duration":827.8431999999993,"failureMessages":[],"meta":{}},{"ancestorTitles":["RecordingPromptDialog"],"fullName":"RecordingPromptDialog does not render dialog when closed","status":"passed","title":"does not render dialog when closed","duration":10.076000000000022,"failureMessages":[],"meta":{}},{"ancestorTitles":["RecordingPromptDialog"],"fullName":"RecordingPromptDialog displays all recording items","status":"passed","title":"displays all recording items","duration":204.8712000000005,"failureMessages":[],"meta":{}},{"ancestorTitles":["RecordingPromptDialog"],"fullName":"RecordingPromptDialog displays important notice","status":"passed","title":"displays important notice","duration":209.26920000000064,"failureMessages":[],"meta":{}},{"ancestorTitles":["RecordingPromptDialog"],"fullName":"RecordingPromptDialog calls onConfirm when \"Ghi hình\" button is clicked","status":"passed","title":"calls onConfirm when \"Ghi hình\" button is clicked","duration":281.5106999999998,"failureMessages":[],"meta":{}},{"ancestorTitles":["RecordingPromptDialog"],"fullName":"RecordingPromptDialog calls onDecline when \"Không ghi\" button is clicked","status":"passed","title":"calls onDecline when \"Không ghi\" button is clicked","duration":203.1242000000002,"failureMessages":[],"meta":{}},{"ancestorTitles":["RecordingPromptDialog"],"fullName":"RecordingPromptDialog has proper button styling for confirm button","status":"passed","title":"has proper button styling for confirm button","duration":256.4396999999999,"failureMessages":[],"meta":{}},{"ancestorTitles":["RecordingPromptDialog"],"fullName":"RecordingPromptDialog has proper button styling for decline button","status":"passed","title":"has proper button styling for decline button","duration":234.42339999999967,"failureMessages":[],"meta":{}}],"startTime":1773546529182,"endTime":1773546531410.4233,"status":"passed","message":"","name":"D:/Tutor-Pro/frontend/features/live-room/components/__tests__/RecordingPromptDialog.test.tsx"},{"assertionResults":[{"ancestorTitles":["RoomErrorBoundary"],"fullName":"RoomErrorBoundary should render children when no error","status":"passed","title":"should render children when no error","duration":83.68139999999994,"failureMessages":[],"meta":{}},{"ancestorTitles":["RoomErrorBoundary"],"fullName":"RoomErrorBoundary should catch error and display fallback UI","status":"passed","title":"should catch error and display fallback UI","duration":66.31520000000046,"failureMessages":[],"meta":{}},{"ancestorTitles":["RoomErrorBoundary"],"fullName":"RoomErrorBoundary should display error message in details","status":"passed","title":"should display error message in details","duration":163.9948999999997,"failureMessages":[],"meta":{}}],"startTime":1773546537918,"endTime":1773546538231.9949,"status":"passed","message":"","name":"D:/Tutor-Pro/frontend/features/live-room/components/__tests__/RoomErrorBoundary.test.tsx"},{"assertionResults":[{"ancestorTitles":["RoomMainContent Swipe Gestures"],"fullName":"RoomMainContent Swipe Gestures navigates to the next tab on swipe left","status":"passed","title":"navigates to the next tab on swipe left","duration":381.21240000000034,"failureMessages":[],"meta":{}},{"ancestorTitles":["RoomMainContent Swipe Gestures"],"fullName":"RoomMainContent Swipe Gestures navigates to the previous tab on swipe right","status":"passed","title":"navigates to the previous tab on swipe right","duration":44.28179999999975,"failureMessages":[],"meta":{}},{"ancestorTitles":["RoomMainContent Swipe Gestures"],"fullName":"RoomMainContent Swipe Gestures does not swipe past the boundaries","status":"passed","title":"does not swipe past the boundaries","duration":71.50839999999971,"failureMessages":[],"meta":{}}],"startTime":1773546536255,"endTime":1773546536752.5083,"status":"passed","message":"","name":"D:/Tutor-Pro/frontend/features/live-room/components/__tests__/RoomMainContent.test.tsx"},{"assertionResults":[{"ancestorTitles":["SessionCard"],"fullName":"SessionCard renders session information correctly","status":"passed","title":"renders session information correctly","duration":86.83179999999993,"failureMessages":[],"meta":{}},{"ancestorTitles":["SessionCard"],"fullName":"SessionCard displays countdown timer","status":"passed","title":"displays countdown timer","duration":17.323200000000725,"failureMessages":[],"meta":{}},{"ancestorTitles":["SessionCard"],"fullName":"SessionCard shows \"Bắt đầu dạy\" button for tutor","status":"passed","title":"shows \"Bắt đầu dạy\" button for tutor","duration":230.5579000000016,"failureMessages":[],"meta":{}},{"ancestorTitles":["SessionCard"],"fullName":"SessionCard shows \"Tham gia học\" button for student","status":"passed","title":"shows \"Tham gia học\" button for student","duration":27.16660000000047,"failureMessages":[],"meta":{}},{"ancestorTitles":["SessionCard"],"fullName":"SessionCard disables button when canJoinNow is false","status":"passed","title":"disables button when canJoinNow is false","duration":18.257299999999304,"failureMessages":[],"meta":{}},{"ancestorTitles":["SessionCard"],"fullName":"SessionCard disables button when room status is ENDED","status":"passed","title":"disables button when room status is ENDED","duration":17.311100000000806,"failureMessages":[],"meta":{}},{"ancestorTitles":["SessionCard"],"fullName":"SessionCard calls onJoin with roomId when button is clicked","status":"passed","title":"calls onJoin with roomId when button is clicked","duration":24.243800000000192,"failureMessages":[],"meta":{}},{"ancestorTitles":["SessionCard"],"fullName":"SessionCard highlights tutor name when current user is tutor","status":"passed","title":"highlights tutor name when current user is tutor","duration":11.736500000000888,"failureMessages":[],"meta":{}},{"ancestorTitles":["SessionCard"],"fullName":"SessionCard highlights student name when current user is student","status":"passed","title":"highlights student name when current user is student","duration":10.316500000000815,"failureMessages":[],"meta":{}},{"ancestorTitles":["SessionCard"],"fullName":"SessionCard shows active badge when room status is ACTIVE","status":"passed","title":"shows active badge when room status is ACTIVE","duration":10.047300000000178,"failureMessages":[],"meta":{}}],"startTime":1773546543677,"endTime":1773546544132.0474,"status":"passed","message":"","name":"D:/Tutor-Pro/frontend/features/live-room/components/__tests__/SessionCard.test.tsx"},{"assertionResults":[{"ancestorTitles":["WhiteboardToolbar"],"fullName":"WhiteboardToolbar should call onToolChange when tool buttons are clicked","status":"passed","title":"should call onToolChange when tool buttons are clicked","duration":304.7977000000001,"failureMessages":[],"meta":{}},{"ancestorTitles":["WhiteboardToolbar"],"fullName":"WhiteboardToolbar should call onUndo and onRedo when buttons are clicked","status":"passed","title":"should call onUndo and onRedo when buttons are clicked","duration":41.09110000000055,"failureMessages":[],"meta":{}},{"ancestorTitles":["WhiteboardToolbar"],"fullName":"WhiteboardToolbar should disable undo/redo buttons based on props","status":"passed","title":"should disable undo/redo buttons based on props","duration":41.0621000000001,"failureMessages":[],"meta":{}},{"ancestorTitles":["WhiteboardToolbar"],"fullName":"WhiteboardToolbar should call onColorChange when a color is clicked","status":"passed","title":"should call onColorChange when a color is clicked","duration":58.35770000000048,"failureMessages":[],"meta":{}},{"ancestorTitles":["WhiteboardToolbar"],"fullName":"WhiteboardToolbar should call onWidthChange when a width is clicked","status":"passed","title":"should call onWidthChange when a width is clicked","duration":37.83260000000064,"failureMessages":[],"meta":{}},{"ancestorTitles":["WhiteboardToolbar"],"fullName":"WhiteboardToolbar should call onClear when clear button is clicked","status":"passed","title":"should call onClear when clear button is clicked","duration":38.6241,"failureMessages":[],"meta":{}},{"ancestorTitles":["WhiteboardToolbar","Keyboard Navigation"],"fullName":"WhiteboardToolbar Keyboard Navigation should navigate colors with arrow keys","status":"passed","title":"should navigate colors with arrow keys","duration":40.21979999999985,"failureMessages":[],"meta":{}},{"ancestorTitles":["WhiteboardToolbar","Keyboard Navigation"],"fullName":"WhiteboardToolbar Keyboard Navigation should navigate widths with arrow keys","status":"passed","title":"should navigate widths with arrow keys","duration":43.40179999999964,"failureMessages":[],"meta":{}},{"ancestorTitles":["WhiteboardToolbar","Accessibility & UI"],"fullName":"WhiteboardToolbar Accessibility & UI should have proper ARIA roles and labels","status":"passed","title":"should have proper ARIA roles and labels","duration":681.0712999999996,"failureMessages":[],"meta":{}},{"ancestorTitles":["WhiteboardToolbar","Accessibility & UI"],"fullName":"WhiteboardToolbar Accessibility & UI should use responsive sizing classes","status":"passed","title":"should use responsive sizing classes","duration":38.56450000000041,"failureMessages":[],"meta":{}},{"ancestorTitles":["WhiteboardToolbar","Accessibility & UI"],"fullName":"WhiteboardToolbar Accessibility & UI should handle haptic feedback if supported","status":"passed","title":"should handle haptic feedback if supported","duration":57.0628999999999,"failureMessages":[],"meta":{}}],"startTime":1773546529081,"endTime":1773546530465.063,"status":"passed","message":"","name":"D:/Tutor-Pro/frontend/features/live-room/components/__tests__/WhiteboardToolbar.test.tsx"},{"assertionResults":[{"ancestorTitles":["useChatMessages"],"fullName":"useChatMessages should fetch initial messages correctly","status":"passed","title":"should fetch initial messages correctly","duration":132.25239999999985,"failureMessages":[],"meta":{}},{"ancestorTitles":["useChatMessages"],"fullName":"useChatMessages should handle real-time messages correctly","status":"passed","title":"should handle real-time messages correctly","duration":95.14319999999998,"failureMessages":[],"meta":{}},{"ancestorTitles":["useChatMessages"],"fullName":"useChatMessages should correctly order historical and real-time messages","status":"passed","title":"should correctly order historical and real-time messages","duration":106.70839999999998,"failureMessages":[],"meta":{}}],"startTime":1773546535142,"endTime":1773546535475.7085,"status":"passed","message":"","name":"D:/Tutor-Pro/frontend/features/live-room/hooks/__tests__/useChatMessages.test.ts"},{"assertionResults":[{"ancestorTitles":["useChatTyping"],"fullName":"useChatTyping should subscribe to typing topic on mount","status":"passed","title":"should subscribe to typing topic on mount","duration":39.290899999999965,"failureMessages":[],"meta":{}},{"ancestorTitles":["useChatTyping"],"fullName":"useChatTyping should update typing users when receiving typing event","status":"passed","title":"should update typing users when receiving typing event","duration":8.080899999999929,"failureMessages":[],"meta":{}},{"ancestorTitles":["useChatTyping"],"fullName":"useChatTyping should remove user when receiving typing stop event","status":"passed","title":"should remove user when receiving typing stop event","duration":5.928899999999885,"failureMessages":[],"meta":{}},{"ancestorTitles":["useChatTyping"],"fullName":"useChatTyping should auto-remove typing user after safety timeout","status":"passed","title":"should auto-remove typing user after safety timeout","duration":6.51549999999952,"failureMessages":[],"meta":{}},{"ancestorTitles":["useChatTyping"],"fullName":"useChatTyping should send local typing status via WebSocket","status":"passed","title":"should send local typing status via WebSocket","duration":4.53899999999976,"failureMessages":[],"meta":{}}],"startTime":1773546542686,"endTime":1773546542750.539,"status":"passed","message":"","name":"D:/Tutor-Pro/frontend/features/live-room/hooks/__tests__/useChatTyping.test.ts"},{"assertionResults":[{"ancestorTitles":["useCountdown"],"fullName":"useCountdown should calculate initial countdown correctly","status":"passed","title":"should calculate initial countdown correctly","duration":59.39969999999994,"failureMessages":[],"meta":{}},{"ancestorTitles":["useCountdown"],"fullName":"useCountdown should update every second","status":"passed","title":"should update every second","duration":12.125500000000102,"failureMessages":[],"meta":{}},{"ancestorTitles":["useCountdown"],"fullName":"useCountdown should handle hours in formatting","status":"passed","title":"should handle hours in formatting","duration":9.813400000000001,"failureMessages":[],"meta":{}},{"ancestorTitles":["useCountdown"],"fullName":"useCountdown should respect the readyThresholdMinutes","status":"passed","title":"should respect the readyThresholdMinutes","duration":64.32459999999992,"failureMessages":[],"meta":{}},{"ancestorTitles":["useCountdown"],"fullName":"useCountdown should stay at 0 when reached","status":"passed","title":"should stay at 0 when reached","duration":67.69639999999981,"failureMessages":[],"meta":{}}],"startTime":1773546540723,"endTime":1773546540947.6963,"status":"passed","message":"","name":"D:/Tutor-Pro/frontend/features/live-room/hooks/__tests__/useCountdown.test.ts"},{"assertionResults":[{"ancestorTitles":["useIsMobile"],"fullName":"useIsMobile returns true when media query matches mobile breakpoint (< 768px)","status":"passed","title":"returns true when media query matches mobile breakpoint (< 768px)","duration":42.48979999999983,"failureMessages":[],"meta":{}},{"ancestorTitles":["useIsMobile"],"fullName":"useIsMobile returns false when on desktop screen (>= 768px)","status":"passed","title":"returns false when on desktop screen (>= 768px)","duration":6.000999999999749,"failureMessages":[],"meta":{}}],"startTime":1773546542553,"endTime":1773546542602.001,"status":"passed","message":"","name":"D:/Tutor-Pro/frontend/features/live-room/hooks/__tests__/useIsMobile.test.ts"},{"assertionResults":[{"ancestorTitles":["useMediaStream - Media Controls"],"fullName":"useMediaStream - Media Controls should toggle mic from unmuted to muted","status":"passed","title":"should toggle mic from unmuted to muted","duration":119.63370000000032,"failureMessages":[],"meta":{}},{"ancestorTitles":["useMediaStream - Media Controls"],"fullName":"useMediaStream - Media Controls should toggle mic from muted back to unmuted","status":"passed","title":"should toggle mic from muted back to unmuted","duration":97.8108000000002,"failureMessages":[],"meta":{}},{"ancestorTitles":["useMediaStream - Media Controls"],"fullName":"useMediaStream - Media Controls should toggle camera correctly","status":"passed","title":"should toggle camera correctly","duration":113.01929999999993,"failureMessages":[],"meta":{}}],"startTime":1773546535804,"endTime":1773546536135.0193,"status":"passed","message":"","name":"D:/Tutor-Pro/frontend/features/live-room/hooks/__tests__/useMediaStream.test.ts"},{"assertionResults":[{"ancestorTitles":["useRoomState"],"fullName":"useRoomState should throw error when used outside provider","status":"passed","title":"should throw error when used outside provider","duration":81.00659999999971,"failureMessages":[],"meta":{}},{"ancestorTitles":["useRoomState"],"fullName":"useRoomState should provide initial state","status":"passed","title":"should provide initial state","duration":70.0943000000002,"failureMessages":[],"meta":{}},{"ancestorTitles":["useRoomState"],"fullName":"useRoomState should update roomId","status":"passed","title":"should update roomId","duration":24.96979999999985,"failureMessages":[],"meta":{}},{"ancestorTitles":["useRoomState"],"fullName":"useRoomState should add and remove participants","status":"passed","title":"should add and remove participants","duration":27.823799999999665,"failureMessages":[],"meta":{}},{"ancestorTitles":["useRoomState"],"fullName":"useRoomState should update error state","status":"passed","title":"should update error state","duration":23.670300000000225,"failureMessages":[],"meta":{}},{"ancestorTitles":["useRoomState"],"fullName":"useRoomState should reset room state including error","status":"passed","title":"should reset room state including error","duration":11.759800000000723,"failureMessages":[],"meta":{}}],"startTime":1773546538133,"endTime":1773546538372.7598,"status":"passed","message":"","name":"D:/Tutor-Pro/frontend/features/live-room/hooks/__tests__/useRoomState.test.ts"},{"assertionResults":[{"ancestorTitles":["useRoomSync"],"fullName":"useRoomSync should fetch room stats only ONCE when connected","status":"passed","title":"should fetch room stats only ONCE when connected","duration":78.64620000000014,"failureMessages":[],"meta":{}},{"ancestorTitles":["useRoomSync"],"fullName":"useRoomSync should reset sync logic if roomId changes","status":"passed","title":"should reset sync logic if roomId changes","duration":18.8112000000001,"failureMessages":[],"meta":{}}],"startTime":1773546541629,"endTime":1773546541726.8113,"status":"passed","message":"","name":"D:/Tutor-Pro/frontend/features/live-room/hooks/__tests__/useRoomSync.test.tsx"},{"assertionResults":[{"ancestorTitles":["useSessionRecorder"],"fullName":"useSessionRecorder should initialize with balanced quality","status":"passed","title":"should initialize with balanced quality","duration":51.92030000000068,"failureMessages":[],"meta":{}},{"ancestorTitles":["useSessionRecorder"],"fullName":"useSessionRecorder should start recording","status":"passed","title":"should start recording","duration":14.175000000000182,"failureMessages":[],"meta":{}},{"ancestorTitles":["useSessionRecorder"],"fullName":"useSessionRecorder should stop recording and set preview url","status":"passed","title":"should stop recording and set preview url","duration":28.023400000000038,"failureMessages":[],"meta":{}},{"ancestorTitles":["useSessionRecorder"],"fullName":"useSessionRecorder should discard recording","status":"passed","title":"should discard recording","duration":54.05709999999999,"failureMessages":[],"meta":{}}],"startTime":1773546539907,"endTime":1773546540055.0571,"status":"passed","message":"","name":"D:/Tutor-Pro/frontend/features/live-room/hooks/__tests__/useSessionRecorder.test.ts"},{"assertionResults":[{"ancestorTitles":["useUpcomingSessions"],"fullName":"useUpcomingSessions should handle pagination flow","status":"passed","title":"should handle pagination flow","duration":176.9915000000001,"failureMessages":[],"meta":{}}],"startTime":1773546539954,"endTime":1773546540130.9915,"status":"passed","message":"","name":"D:/Tutor-Pro/frontend/features/live-room/hooks/__tests__/useUpcomingSessions.test.tsx"},{"assertionResults":[{"ancestorTitles":["useWebRTCConnection"],"fullName":"useWebRTCConnection should initialize with INITIALIZING state","status":"passed","title":"should initialize with INITIALIZING state","duration":42.31809999999996,"failureMessages":[],"meta":{}},{"ancestorTitles":["useWebRTCConnection"],"fullName":"useWebRTCConnection should update state correctly","status":"passed","title":"should update state correctly","duration":44.26310000000012,"failureMessages":[],"meta":{}},{"ancestorTitles":["useWebRTCConnection"],"fullName":"useWebRTCConnection should handle errors","status":"passed","title":"should handle errors","duration":49.21320000000014,"failureMessages":[],"meta":{}},{"ancestorTitles":["useWebRTCConnection"],"fullName":"useWebRTCConnection should clear error when state is updated to non-FAILED","status":"passed","title":"should clear error when state is updated to non-FAILED","duration":10.463300000000345,"failureMessages":[],"meta":{}},{"ancestorTitles":["useWebRTCConnection"],"fullName":"useWebRTCConnection should reset to INITIALIZING state","status":"passed","title":"should reset to INITIALIZING state","duration":6.971400000000358,"failureMessages":[],"meta":{}}],"startTime":1773546540705,"endTime":1773546540857.9714,"status":"passed","message":"","name":"D:/Tutor-Pro/frontend/features/live-room/hooks/__tests__/useWebRTCConnection.test.ts"},{"assertionResults":[{"ancestorTitles":["useWhiteboardPersistence"],"fullName":"useWhiteboardPersistence should load empty array when storage is empty","status":"passed","title":"should load empty array when storage is empty","duration":73.32099999999991,"failureMessages":[],"meta":{}},{"ancestorTitles":["useWhiteboardPersistence"],"fullName":"useWhiteboardPersistence should save and load data correctly","status":"passed","title":"should save and load data correctly","duration":7.44879999999921,"failureMessages":[],"meta":{}},{"ancestorTitles":["useWhiteboardPersistence"],"fullName":"useWhiteboardPersistence should clear storage correctly","status":"passed","title":"should clear storage correctly","duration":5.952199999999721,"failureMessages":[],"meta":{}},{"ancestorTitles":["useWhiteboardPersistence"],"fullName":"useWhiteboardPersistence should auto-save at intervals","status":"passed","title":"should auto-save at intervals","duration":33.74249999999938,"failureMessages":[],"meta":{}},{"ancestorTitles":["useWhiteboardPersistence"],"fullName":"useWhiteboardPersistence should handle invalid JSON in storage","status":"passed","title":"should handle invalid JSON in storage","duration":41.95519999999942,"failureMessages":[],"meta":{}}],"startTime":1773546538334,"endTime":1773546538496.955,"status":"passed","message":"","name":"D:/Tutor-Pro/frontend/features/live-room/hooks/__tests__/useWhiteboardPersistence.test.ts"},{"assertionResults":[{"ancestorTitles":["useWhiteboardSync - Delta Protocol"],"fullName":"useWhiteboardSync - Delta Protocol should send delta messages every 50ms during drawing","status":"passed","title":"should send delta messages every 50ms during drawing","duration":230.10349999999926,"failureMessages":[],"meta":{}},{"ancestorTitles":["useWhiteboardSync - Delta Protocol"],"fullName":"useWhiteboardSync - Delta Protocol should send complete stroke on endStroke","status":"passed","title":"should send complete stroke on endStroke","duration":19.45389999999952,"failureMessages":[],"meta":{}},{"ancestorTitles":["useWhiteboardSync - Delta Protocol"],"fullName":"useWhiteboardSync - Delta Protocol should include stroke metadata in delta messages","status":"passed","title":"should include stroke metadata in delta messages","duration":24.55619999999999,"failureMessages":[],"meta":{}},{"ancestorTitles":["useWhiteboardSync - Delta Protocol"],"fullName":"useWhiteboardSync - Delta Protocol should clear interval when drawing stops","status":"passed","title":"should clear interval when drawing stops","duration":37.95760000000064,"failureMessages":[],"meta":{}},{"ancestorTitles":["useWhiteboardSync - Delta Protocol"],"fullName":"useWhiteboardSync - Delta Protocol should merge remote delta into existing stroke","status":"passed","title":"should merge remote delta into existing stroke","duration":27.78650000000016,"failureMessages":[],"meta":{}},{"ancestorTitles":["useWhiteboardSync - Delta Protocol"],"fullName":"useWhiteboardSync - Delta Protocol should ignore own delta messages (echo cancellation)","status":"passed","title":"should ignore own delta messages (echo cancellation)","duration":27.170399999999972,"failureMessages":[],"meta":{}},{"ancestorTitles":["useWhiteboardSync - Delta Protocol"],"fullName":"useWhiteboardSync - Delta Protocol should handle complete stroke messages from remote users","status":"passed","title":"should handle complete stroke messages from remote users","duration":11.79780000000028,"failureMessages":[],"meta":{}},{"ancestorTitles":["useWhiteboardSync - Delta Protocol"],"fullName":"useWhiteboardSync - Delta Protocol should clear board and send clear message","status":"passed","title":"should clear board and send clear message","duration":13.377999999999702,"failureMessages":[],"meta":{}},{"ancestorTitles":["useWhiteboardSync - Delta Protocol","Undo/Redo functionality"],"fullName":"useWhiteboardSync - Delta Protocol Undo/Redo functionality should undo the last stroke and send undo message","status":"passed","title":"should undo the last stroke and send undo message","duration":16.61869999999999,"failureMessages":[],"meta":{}},{"ancestorTitles":["useWhiteboardSync - Delta Protocol","Undo/Redo functionality"],"fullName":"useWhiteboardSync - Delta Protocol Undo/Redo functionality should redo the last undone stroke","status":"passed","title":"should redo the last undone stroke","duration":12.40899999999965,"failureMessages":[],"meta":{}},{"ancestorTitles":["useWhiteboardSync - Delta Protocol","Undo/Redo functionality"],"fullName":"useWhiteboardSync - Delta Protocol Undo/Redo functionality should clear redo stack when a new stroke starts","status":"passed","title":"should clear redo stack when a new stroke starts","duration":30.234800000000178,"failureMessages":[],"meta":{}}],"startTime":1773546533539,"endTime":1773546533992.2349,"status":"passed","message":"","name":"D:/Tutor-Pro/frontend/features/live-room/hooks/__tests__/useWhiteboardSync.test.ts"},{"assertionResults":[{"ancestorTitles":["LessonEditor Heading Recognition"],"fullName":"LessonEditor Heading Recognition should recognize standard H1 tag as a heading","status":"passed","title":"should recognize standard H1 tag as a heading","duration":1170.6408000000001,"failureMessages":[],"meta":{}},{"ancestorTitles":["LessonEditor Heading Recognition"],"fullName":"LessonEditor Heading Recognition should recognize Google Docs style paragraphs with large font-size as headings","status":"passed","title":"should recognize Google Docs style paragraphs with large font-size as headings","duration":801.6933999999992,"failureMessages":[],"meta":{}},{"ancestorTitles":["LessonEditor Heading Recognition"],"fullName":"LessonEditor Heading Recognition should recognize Google Docs style paragraphs with nested spans and font-size","status":"passed","title":"should recognize Google Docs style paragraphs with nested spans and font-size","duration":449.40200000000004,"failureMessages":[],"meta":{}},{"ancestorTitles":["LessonEditor Heading Recognition"],"fullName":"LessonEditor Heading Recognition should recognize Bold + All Caps paragraphs as Tiêu đề 1 (H3)","status":"passed","title":"should recognize Bold + All Caps paragraphs as Tiêu đề 1 (H3)","duration":307.9224000000004,"failureMessages":[],"meta":{}},{"ancestorTitles":["LessonEditor Heading Recognition"],"fullName":"LessonEditor Heading Recognition should update current style dropdown when cursor is on a heading","status":"passed","title":"should update current style dropdown when cursor is on a heading","duration":235.39869999999974,"failureMessages":[],"meta":{}},{"ancestorTitles":["LessonEditor Heading Recognition"],"fullName":"LessonEditor Heading Recognition should show table management options when table button is clicked","status":"passed","title":"should show table management options when table button is clicked","duration":460.02689999999893,"failureMessages":[],"meta":{}},{"ancestorTitles":["LessonEditor Heading Recognition"],"fullName":"LessonEditor Heading Recognition should toggle underline on text","status":"passed","title":"should toggle underline on text","duration":237.77639999999883,"failureMessages":[],"meta":{}}],"startTime":1773546530121,"endTime":1773546533783.7764,"status":"passed","message":"","name":"D:/Tutor-Pro/frontend/features/learning/lessons/components/LessonEditor.test.tsx"},{"assertionResults":[{"ancestorTitles":["LessonCard"],"fullName":"LessonCard renders correctly without images or resources","status":"passed","title":"renders correctly without images or resources","duration":64.73339999999916,"failureMessages":[],"meta":{}},{"ancestorTitles":["LessonCard"],"fullName":"LessonCard calls onClick when clicked","status":"passed","title":"calls onClick when clicked","duration":14.158100000000559,"failureMessages":[],"meta":{}}],"startTime":1773546546741,"endTime":1773546546820.1582,"status":"passed","message":"","name":"D:/Tutor-Pro/frontend/features/learning/lesson-card/__tests__/LessonCard.test.tsx"},{"assertionResults":[{"ancestorTitles":["useConvertToOffline"],"fullName":"useConvertToOffline should revert to offline successfully","status":"passed","title":"should revert to offline successfully","duration":117.25199999999995,"failureMessages":[],"meta":{}},{"ancestorTitles":["useConvertToOffline"],"fullName":"useConvertToOffline should handle error during reversion","status":"passed","title":"should handle error during reversion","duration":82.94390000000021,"failureMessages":[],"meta":{}},{"ancestorTitles":["useConvertToOffline"],"fullName":"useConvertToOffline should perform optimistic update","status":"passed","title":"should perform optimistic update","duration":90.2231999999999,"failureMessages":[],"meta":{}}],"startTime":1773546534928,"endTime":1773546535219.2231,"status":"passed","message":"","name":"D:/Tutor-Pro/frontend/features/calendar/calendar-view/hooks/__tests__/useConvertToOffline.test.tsx"},{"assertionResults":[{"ancestorTitles":["useConvertToOnline"],"fullName":"useConvertToOnline should handle successful conversion","status":"passed","title":"should handle successful conversion","duration":2698.0816000000004,"failureMessages":[],"meta":{}},{"ancestorTitles":["useConvertToOnline"],"fullName":"useConvertToOnline should handle optimistically update cache (simulated)","status":"passed","title":"should handle optimistically update cache (simulated)","duration":2577.1197999999995,"failureMessages":[],"meta":{}},{"ancestorTitles":["useConvertToOnline"],"fullName":"useConvertToOnline should handle conflict error (409)","status":"passed","title":"should handle conflict error (409)","duration":21.811999999999898,"failureMessages":[],"meta":{}},{"ancestorTitles":["useConvertToOnline"],"fullName":"useConvertToOnline should handle permission error (403)","status":"passed","title":"should handle permission error (403)","duration":9.360499999998865,"failureMessages":[],"meta":{}}],"startTime":1773546528863,"endTime":1773546534169.3606,"status":"passed","message":"","name":"D:/Tutor-Pro/frontend/features/calendar/calendar-view/hooks/__tests__/useConvertToOnline.test.tsx"},{"assertionResults":[{"ancestorTitles":["ExercisePlayer"],"fullName":"ExercisePlayer renders scrollable container with proper utility classes","status":"passed","title":"renders scrollable container with proper utility classes","duration":458.1376,"failureMessages":[],"meta":{}},{"ancestorTitles":["ExercisePlayer"],"fullName":"ExercisePlayer does not show essay-waiting message when status is GRADED","status":"passed","title":"does not show essay-waiting message when status is GRADED","duration":1742.7329999999984,"failureMessages":[],"meta":{}}],"startTime":1773546536183,"endTime":1773546538384.733,"status":"passed","message":"","name":"D:/Tutor-Pro/frontend/features/submission/components/student/__tests__/ExercisePlayer.test.tsx"}]}